0 info it worked if it ends with ok
1 verbose cli [ '/Users/conduct16/.nvm/versions/node/v6.4.0/bin/node',
1 verbose cli   '/Users/conduct16/.nvm/versions/node/v6.4.0/bin/npm',
1 verbose cli   'run',
1 verbose cli   'test' ]
2 info using npm@4.1.1
3 info using node@v6.4.0
4 verbose run-script [ 'pretest', 'test', 'posttest' ]
5 info lifecycle algorithm_probs@1.0.0~pretest: algorithm_probs@1.0.0
6 silly lifecycle algorithm_probs@1.0.0~pretest: no script for pretest, continuing
7 info lifecycle algorithm_probs@1.0.0~test: algorithm_probs@1.0.0
8 verbose lifecycle algorithm_probs@1.0.0~test: unsafe-perm in lifecycle true
9 verbose lifecycle algorithm_probs@1.0.0~test: PATH: /Users/conduct16/.nvm/versions/node/v6.4.0/lib/node_modules/npm/bin/node-gyp-bin:/Users/conduct16/Projects/javascript-algorithms/node_modules/.bin:/Users/conduct16/.rvm/gems/ruby-2.3.0/bin:/Users/conduct16/.rvm/gems/ruby-2.3.0@global/bin:/Users/conduct16/.rvm/rubies/ruby-2.3.0/bin:/Users/conduct16/.nvm/versions/node/v6.4.0/bin:/Users/conduct16/.node/bin:/.composer/vendor/bin:/Applications/MAMP/bin/php/php5.5.3/bin:/usr/local/bin:/usr/bin:/bin:/usr/sbin:/sbin:/usr/local/mongodb/bin:/usr/local/go/bin:/Library/Haskell/bin:/Users/conduct16/.rvm/bin
10 verbose lifecycle algorithm_probs@1.0.0~test: CWD: /Users/conduct16/Projects/javascript-algorithms
11 silly lifecycle algorithm_probs@1.0.0~test: Args: [ '-c', 'npm run test-unit' ]
12 silly lifecycle algorithm_probs@1.0.0~test: Returned: code: 1  signal: null
13 info lifecycle algorithm_probs@1.0.0~test: Failed to exec test script
14 verbose stack Error: algorithm_probs@1.0.0 test: `npm run test-unit`
14 verbose stack Exit status 1
14 verbose stack     at EventEmitter.<anonymous> (/Users/conduct16/.nvm/versions/node/v6.4.0/lib/node_modules/npm/lib/utils/lifecycle.js:279:16)
14 verbose stack     at emitTwo (events.js:106:13)
14 verbose stack     at EventEmitter.emit (events.js:191:7)
14 verbose stack     at ChildProcess.<anonymous> (/Users/conduct16/.nvm/versions/node/v6.4.0/lib/node_modules/npm/lib/utils/spawn.js:40:14)
14 verbose stack     at emitTwo (events.js:106:13)
14 verbose stack     at ChildProcess.emit (events.js:191:7)
14 verbose stack     at maybeClose (internal/child_process.js:852:16)
14 verbose stack     at Process.ChildProcess._handle.onexit (internal/child_process.js:215:5)
15 verbose pkgid algorithm_probs@1.0.0
16 verbose cwd /Users/conduct16/Projects/javascript-algorithms
17 error Darwin 16.3.0
18 error argv "/Users/conduct16/.nvm/versions/node/v6.4.0/bin/node" "/Users/conduct16/.nvm/versions/node/v6.4.0/bin/npm" "run" "test"
19 error node v6.4.0
20 error npm  v4.1.1
21 error code ELIFECYCLE
22 error algorithm_probs@1.0.0 test: `npm run test-unit`
22 error Exit status 1
23 error Failed at the algorithm_probs@1.0.0 test script 'npm run test-unit'.
23 error Make sure you have the latest version of node.js and npm installed.
23 error If you do, this is most likely a problem with the algorithm_probs package,
23 error not with npm itself.
23 error Tell the author that this fails on your system:
23 error     npm run test-unit
23 error You can get information on how to open an issue for this project with:
23 error     npm bugs algorithm_probs
23 error Or if that isn't available, you can get their info via:
23 error     npm owner ls algorithm_probs
23 error There is likely additional logging output above.
24 verbose exit [ 1, true ]
